<?xml version="1.0" encoding="UTF-8"?>
<!-- Generated by org.testng.reporters.JUnitXMLReporter -->
<testsuite ignored="0" hostname="LAPTOP-TA55IDD4" failures="1" tests="1" name="EdgeBasic from Slide_6" time="9.591" errors="0" timestamp="2022-12-27T14:56:58 GMT">
  <testcase classname="Slide_7.Assert" name="f" time="1.613">
    <failure type="org.openqa.selenium.ElementClickInterceptedException" message="element click intercepted: Element &amp;lt;a href=&amp;quot;/b/?_encoding=UTF8&amp;amp;amp;ld=AZUSSOA-sell&amp;amp;amp;node=12766669011&amp;amp;amp;ref_=nav_cs_sell&amp;quot; class=&amp;quot;nav-a  &amp;quot; tabindex=&amp;quot;0&amp;quot; data-csa-c-type=&amp;quot;link&amp;quot; data-csa-c-slot-id=&amp;quot;nav_cs_4&amp;quot; data-csa-c-content-id=&amp;quot;nav_cs_sell&amp;quot; data-csa-c-id=&amp;quot;24vb0-n9kaxx-8zmtpk-obsalz&amp;quot;&amp;gt;...&amp;lt;/a&amp;gt; is not clickable at point (463, 79). Other element would receive the click: &amp;lt;div data-toaster-blocking=&amp;quot;0&amp;quot; data-toaster-csrftoken=&amp;quot;gGcPC8X1DiQwMCtwY6mOQUAWDROpHWZ2zZJgengAAAAMAAAAAGOrB7dyYXcAAAAA;hKKrWxSHvvMOpB0LcTBeuGFhFQ1EqIMjQU+TtBGbbEWMAAAAAGOrB7cAAAAB&amp;quot; data-toaster-slot=&amp;quot;DEFAULT&amp;quot; data-toaster-type=&amp;quot;AIS_INGRESS&amp;quot; aria-describedby=&amp;quot;glow-toaster-body&amp;quot; aria-labelledby=&amp;quot;glow-toaster-title&amp;quot; class=&amp;quot;a-section glow-toaster glow-toaster-theme-default glow-toaster-slot-default nav-coreFlyout nav-flyout&amp;quot; role=&amp;quot;alertdialog&amp;quot; style=&amp;quot;&amp;quot; tabindex=&amp;quot;-1&amp;quot;&amp;gt;...&amp;lt;/div&amp;gt;
  (Session info: MicrosoftEdge=108.0.1462.54)
Build info: version: &amp;apos;4.4.0&amp;apos;, revision: &amp;apos;e5c75ed026a&amp;apos;
System info: host: &amp;apos;LAPTOP-TA55IDD4&amp;apos;, ip: &amp;apos;192.168.58.1&amp;apos;, os.name: &amp;apos;Windows 10&amp;apos;, os.arch: &amp;apos;amd64&amp;apos;, os.version: &amp;apos;10.0&amp;apos;, java.version: &amp;apos;11.0.16.1&amp;apos;
Driver info: org.openqa.selenium.edge.EdgeDriver
Command: [f0f150f4467f8d11972fe5babc8a7d5b, clickElement {id=dd8444e9-d95a-471f-adbd-2b4981c37c1c}]
Capabilities {acceptInsecureCerts: false, browserName: msedge, browserVersion: 108.0.1462.54, ms:edgeOptions: {debuggerAddress: localhost:59489}, msedge: {msedgedriverVersion: 107.0.1418.24 (d8aa296f6147..., userDataDir: C:\Users\bipas\AppData\Loca...}, networkConnectionEnabled: false, pageLoadStrategy: normal, platformName: WINDOWS, proxy: Proxy(), se:cdp: ws://localhost:59489/devtoo..., se:cdpVersion: 108.0.1462.54, setWindowRect: true, strictFileInteractability: false, timeouts: {implicit: 0, pageLoad: 300000, script: 30000}, unhandledPromptBehavior: dismiss and notify, webauthn:extension:credBlob: true, webauthn:extension:largeBlob: true, webauthn:virtualAuthenticators: true}
Element: [[EdgeDriver: msedge on WINDOWS (f0f150f4467f8d11972fe5babc8a7d5b)] -&amp;gt; link text: Sell]
Session ID: f0f150f4467f8d11972fe5babc8a7d5b">
      <![CDATA[org.openqa.selenium.ElementClickInterceptedException: element click intercepted: Element <a href="/b/?_encoding=UTF8&amp;ld=AZUSSOA-sell&amp;node=12766669011&amp;ref_=nav_cs_sell" class="nav-a  " tabindex="0" data-csa-c-type="link" data-csa-c-slot-id="nav_cs_4" data-csa-c-content-id="nav_cs_sell" data-csa-c-id="24vb0-n9kaxx-8zmtpk-obsalz">...</a> is not clickable at point (463, 79). Other element would receive the click: <div data-toaster-blocking="0" data-toaster-csrftoken="gGcPC8X1DiQwMCtwY6mOQUAWDROpHWZ2zZJgengAAAAMAAAAAGOrB7dyYXcAAAAA;hKKrWxSHvvMOpB0LcTBeuGFhFQ1EqIMjQU+TtBGbbEWMAAAAAGOrB7cAAAAB" data-toaster-slot="DEFAULT" data-toaster-type="AIS_INGRESS" aria-describedby="glow-toaster-body" aria-labelledby="glow-toaster-title" class="a-section glow-toaster glow-toaster-theme-default glow-toaster-slot-default nav-coreFlyout nav-flyout" role="alertdialog" style="" tabindex="-1">...</div>
  (Session info: MicrosoftEdge=108.0.1462.54)
Build info: version: '4.4.0', revision: 'e5c75ed026a'
System info: host: 'LAPTOP-TA55IDD4', ip: '192.168.58.1', os.name: 'Windows 10', os.arch: 'amd64', os.version: '10.0', java.version: '11.0.16.1'
Driver info: org.openqa.selenium.edge.EdgeDriver
Command: [f0f150f4467f8d11972fe5babc8a7d5b, clickElement {id=dd8444e9-d95a-471f-adbd-2b4981c37c1c}]
Capabilities {acceptInsecureCerts: false, browserName: msedge, browserVersion: 108.0.1462.54, ms:edgeOptions: {debuggerAddress: localhost:59489}, msedge: {msedgedriverVersion: 107.0.1418.24 (d8aa296f6147..., userDataDir: C:\Users\bipas\AppData\Loca...}, networkConnectionEnabled: false, pageLoadStrategy: normal, platformName: WINDOWS, proxy: Proxy(), se:cdp: ws://localhost:59489/devtoo..., se:cdpVersion: 108.0.1462.54, setWindowRect: true, strictFileInteractability: false, timeouts: {implicit: 0, pageLoad: 300000, script: 30000}, unhandledPromptBehavior: dismiss and notify, webauthn:extension:credBlob: true, webauthn:extension:largeBlob: true, webauthn:virtualAuthenticators: true}
Element: [[EdgeDriver: msedge on WINDOWS (f0f150f4467f8d11972fe5babc8a7d5b)] -> link text: Sell]
Session ID: f0f150f4467f8d11972fe5babc8a7d5b
at org.openqa.selenium.remote.codec.w3c.W3CHttpResponseCodec.createException(W3CHttpResponseCodec.java:200)
at org.openqa.selenium.remote.codec.w3c.W3CHttpResponseCodec.decode(W3CHttpResponseCodec.java:133)
at org.openqa.selenium.remote.codec.w3c.W3CHttpResponseCodec.decode(W3CHttpResponseCodec.java:53)
at org.openqa.selenium.remote.HttpCommandExecutor.execute(HttpCommandExecutor.java:184)
at org.openqa.selenium.remote.service.DriverCommandExecutor.invokeExecute(DriverCommandExecutor.java:167)
at org.openqa.selenium.remote.service.DriverCommandExecutor.execute(DriverCommandExecutor.java:142)
at org.openqa.selenium.remote.RemoteWebDriver.execute(RemoteWebDriver.java:547)
at org.openqa.selenium.remote.RemoteWebElement.execute(RemoteWebElement.java:257)
at org.openqa.selenium.remote.RemoteWebElement.click(RemoteWebElement.java:78)
at org.openqa.selenium.support.pagefactory.internal.LocatingElementHandler.invoke(LocatingElementHandler.java:52)
at com.sun.proxy.$Proxy17.click(Unknown Source)
at Slide_6.Page_object_Model.Sell_click(Page_object_Model.java:35)
at Slide_7.Assert.f(Assert.java:14)
at java.base/java.util.ArrayList.forEach(ArrayList.java:1541)
... Removed 35 stack frames]]>
    </failure>
  </testcase> <!-- f -->
</testsuite> <!-- EdgeBasic from Slide_6 -->
