<?xml version="1.0" encoding="UTF-8"?>
<!-- Generated by org.testng.reporters.JUnitXMLReporter -->
<testsuite ignored="0" hostname="LAPTOP-TA55IDD4" failures="1" tests="1" name="Alerts tasks edge" time="14.235" errors="0" timestamp="2022-12-27T14:57:30 GMT">
  <testcase classname="Slide_7.Alert_tasks" name="f" time="5.217">
    <failure type="org.openqa.selenium.UnhandledAlertException" message="unexpected alert open: {Alert text : You clicked a button}
  (Session info: MicrosoftEdge=108.0.1462.54): You clicked a button
Build info: version: &amp;apos;4.4.0&amp;apos;, revision: &amp;apos;e5c75ed026a&amp;apos;
System info: host: &amp;apos;LAPTOP-TA55IDD4&amp;apos;, ip: &amp;apos;192.168.58.1&amp;apos;, os.name: &amp;apos;Windows 10&amp;apos;, os.arch: &amp;apos;amd64&amp;apos;, os.version: &amp;apos;10.0&amp;apos;, java.version: &amp;apos;11.0.16.1&amp;apos;
Driver info: org.openqa.selenium.edge.EdgeDriver
Command: [31b20e968c1e4dc6b1f914f575983326, screenshot {}]
Capabilities {acceptInsecureCerts: false, browserName: msedge, browserVersion: 108.0.1462.54, ms:edgeOptions: {debuggerAddress: localhost:59726}, msedge: {msedgedriverVersion: 107.0.1418.24 (d8aa296f6147..., userDataDir: C:\Users\bipas\AppData\Loca...}, networkConnectionEnabled: false, pageLoadStrategy: normal, platformName: WINDOWS, proxy: Proxy(), se:cdp: ws://localhost:59726/devtoo..., se:cdpVersion: 108.0.1462.54, setWindowRect: true, strictFileInteractability: false, timeouts: {implicit: 0, pageLoad: 300000, script: 30000}, unhandledPromptBehavior: dismiss and notify, webauthn:extension:credBlob: true, webauthn:extension:largeBlob: true, webauthn:virtualAuthenticators: true}
Session ID: 31b20e968c1e4dc6b1f914f575983326">
      <![CDATA[org.openqa.selenium.UnhandledAlertException: unexpected alert open: {Alert text : You clicked a button}
  (Session info: MicrosoftEdge=108.0.1462.54): You clicked a button
Build info: version: '4.4.0', revision: 'e5c75ed026a'
System info: host: 'LAPTOP-TA55IDD4', ip: '192.168.58.1', os.name: 'Windows 10', os.arch: 'amd64', os.version: '10.0', java.version: '11.0.16.1'
Driver info: org.openqa.selenium.edge.EdgeDriver
Command: [31b20e968c1e4dc6b1f914f575983326, screenshot {}]
Capabilities {acceptInsecureCerts: false, browserName: msedge, browserVersion: 108.0.1462.54, ms:edgeOptions: {debuggerAddress: localhost:59726}, msedge: {msedgedriverVersion: 107.0.1418.24 (d8aa296f6147..., userDataDir: C:\Users\bipas\AppData\Loca...}, networkConnectionEnabled: false, pageLoadStrategy: normal, platformName: WINDOWS, proxy: Proxy(), se:cdp: ws://localhost:59726/devtoo..., se:cdpVersion: 108.0.1462.54, setWindowRect: true, strictFileInteractability: false, timeouts: {implicit: 0, pageLoad: 300000, script: 30000}, unhandledPromptBehavior: dismiss and notify, webauthn:extension:credBlob: true, webauthn:extension:largeBlob: true, webauthn:virtualAuthenticators: true}
Session ID: 31b20e968c1e4dc6b1f914f575983326
at org.openqa.selenium.remote.codec.w3c.W3CHttpResponseCodec.decode(W3CHttpResponseCodec.java:131)
at org.openqa.selenium.remote.codec.w3c.W3CHttpResponseCodec.decode(W3CHttpResponseCodec.java:53)
at org.openqa.selenium.remote.HttpCommandExecutor.execute(HttpCommandExecutor.java:184)
at org.openqa.selenium.remote.service.DriverCommandExecutor.invokeExecute(DriverCommandExecutor.java:167)
at org.openqa.selenium.remote.service.DriverCommandExecutor.execute(DriverCommandExecutor.java:142)
at org.openqa.selenium.remote.RemoteWebDriver.execute(RemoteWebDriver.java:547)
at org.openqa.selenium.remote.RemoteWebDriver.execute(RemoteWebDriver.java:602)
at org.openqa.selenium.remote.RemoteWebDriver.execute(RemoteWebDriver.java:606)
at org.openqa.selenium.remote.RemoteWebDriver.getScreenshotAs(RemoteWebDriver.java:331)
at Slide_7Tasks.Tasks_Utilities.ScreenshotsInside(Tasks_Utilities.java:55)
at Slide_7Tasks.Alert_TasksPOM.firstAlert(Alert_TasksPOM.java:22)
at Slide_7.Alert_tasks.f(Alert_tasks.java:20)
at java.base/java.util.ArrayList.forEach(ArrayList.java:1541)
... Removed 27 stack frames]]>
    </failure>
  </testcase> <!-- f -->
</testsuite> <!-- Alerts tasks edge -->
