<?xml version="1.0" encoding="UTF-8"?>
<testng-results ignored="0" total="1" passed="1" failed="0" skipped="0">
  <reporter-output>
  </reporter-output>
  <suite started-at="2022-12-28T19:58:18 GMT" name="Amazon" finished-at="2022-12-28T19:58:35 GMT" duration-ms="16827">
    <groups>
    </groups>
    <test started-at="2022-12-28T19:58:18 GMT" name="Task1" finished-at="2022-12-28T19:58:35 GMT" duration-ms="16827">
      <class name="Slide_7.Amaz_tasks">
        <test-method is-config="true" signature="Ibrowser(java.lang.String,java.lang.String)[pri:0, instance:Slide_7.Amaz_tasks@68c9133c]" started-at="2022-12-28T19:58:18 GMT" name="Ibrowser" finished-at="2022-12-28T19:58:23 GMT" duration-ms="5158" status="PASS">
          <params>
            <param index="0">
              <value>
                <![CDATA[chrome]]>
              </value>
            </param>
            <param index="1">
              <value>
                <![CDATA[https://www.amazon.com]]>
              </value>
            </param>
          </params>
          <reporter-output>
          </reporter-output>
        </test-method> <!-- Ibrowser -->
        <test-method signature="f()[pri:0, instance:Slide_7.Amaz_tasks@68c9133c]" started-at="2022-12-28T19:58:23 GMT" name="f" finished-at="2022-12-28T19:58:35 GMT" duration-ms="11447" status="PASS">
          <reporter-output>
          </reporter-output>
        </test-method> <!-- f -->
        <test-method is-config="true" signature="afterClass()[pri:0, instance:Slide_7.Amaz_tasks@68c9133c]" started-at="2022-12-28T19:58:35 GMT" name="afterClass" finished-at="2022-12-28T19:58:35 GMT" duration-ms="157" status="PASS">
          <reporter-output>
          </reporter-output>
        </test-method> <!-- afterClass -->
      </class> <!-- Slide_7.Amaz_tasks -->
    </test> <!-- Task1 -->
  </suite> <!-- Amazon -->
</testng-results>
